<?xml version="1.0" encoding="UTF-8"?>
<testng-results skipped="0" failed="0" ignored="0" total="1" passed="1">
  <reporter-output>
    <line>
      <![CDATA[Demmooooooo]]>
    </line>
  </reporter-output>
  <suite name="Default suite" duration-ms="65" started-at="2023-04-14T12:00:17 IST" finished-at="2023-04-14T12:00:17 IST">
    <groups>
    </groups>
    <test name="Default test" duration-ms="65" started-at="2023-04-14T12:00:17 IST" finished-at="2023-04-14T12:00:17 IST">
      <class name="com.actitime.testscript.Demo">
        <test-method status="PASS" signature="demoLogin()[pri:0, instance:com.actitime.testscript.Demo@646d64ab]" name="demoLogin" duration-ms="11" started-at="2023-04-14T12:00:17 IST" finished-at="2023-04-14T12:00:17 IST">
          <reporter-output>
            <line>
              <![CDATA[Demmooooooo]]>
            </line>
          </reporter-output>
        </test-method> <!-- demoLogin -->
      </class> <!-- com.actitime.testscript.Demo -->
    </test> <!-- Default test -->
  </suite> <!-- Default suite -->
</testng-results>
